[2024-10-04 11:33:17] local.ERROR: Please provide a valid cache path. {"exception":"[object] (InvalidArgumentException(code: 0): Please provide a valid cache path. at /var/www/webroot/ENIGA/servicesuivi/vendor/laravel/framework/src/Illuminate/View/Compilers/Compiler.php:66)
[stacktrace]
#0 /var/www/webroot/ENIGA/servicesuivi/vendor/laravel/framework/src/Illuminate/View/ViewServiceProvider.php(96): Illuminate\\View\\Compilers\\Compiler->__construct(Object(Illuminate\\Filesystem\\Filesystem), false, '', true, 'php')
#1 /var/www/webroot/ENIGA/servicesuivi/vendor/laravel/framework/src/Illuminate/Container/Container.php(885): Illuminate\\View\\ViewServiceProvider->Illuminate\\View\\{closure}(Object(Illuminate\\Foundation\\Application), Array)
#2 /var/www/webroot/ENIGA/servicesuivi/vendor/laravel/framework/src/Illuminate/Container/Container.php(770): Illuminate\\Container\\Container->build(Object(Closure))
#3 /var/www/webroot/ENIGA/servicesuivi/vendor/laravel/framework/src/Illuminate/Foundation/Application.php(856): Illuminate\\Container\\Container->resolve('blade.compiler', Array, true)
#4 /var/www/webroot/ENIGA/servicesuivi/vendor/laravel/framework/src/Illuminate/Container/Container.php(706): Illuminate\\Foundation\\Application->resolve('blade.compiler', Array)
#5 /var/www/webroot/ENIGA/servicesuivi/vendor/laravel/framework/src/Illuminate/Foundation/Application.php(841): Illuminate\\Container\\Container->make('blade.compiler', Array)
#6 /var/www/webroot/ENIGA/servicesuivi/vendor/laravel/framework/src/Illuminate/Container/Container.php(1431): Illuminate\\Foundation\\Application->make('blade.compiler')
#7 /var/www/webroot/ENIGA/servicesuivi/vendor/livewire/livewire/src/LivewireServiceProvider.php(276): Illuminate\\Container\\Container->offsetGet('blade.compiler')
#8 /var/www/webroot/ENIGA/servicesuivi/vendor/livewire/livewire/src/LivewireServiceProvider.php(79): Livewire\\LivewireServiceProvider->registerTagCompiler()
#9 /var/www/webroot/ENIGA/servicesuivi/vendor/laravel/framework/src/Illuminate/Container/BoundMethod.php(36): Livewire\\LivewireServiceProvider->boot()
#10 /var/www/webroot/ENIGA/servicesuivi/vendor/laravel/framework/src/Illuminate/Container/Util.php(41): Illuminate\\Container\\BoundMethod::Illuminate\\Container\\{closure}()
#11 /var/www/webroot/ENIGA/servicesuivi/vendor/laravel/framework/src/Illuminate/Container/BoundMethod.php(93): Illuminate\\Container\\Util::unwrapIfClosure(Object(Closure))
#12 /var/www/webroot/ENIGA/servicesuivi/vendor/laravel/framework/src/Illuminate/Container/BoundMethod.php(35): Illuminate\\Container\\BoundMethod::callBoundMethod(Object(Illuminate\\Foundation\\Application), Array, Object(Closure))
#13 /var/www/webroot/ENIGA/servicesuivi/vendor/laravel/framework/src/Illuminate/Container/Container.php(661): Illuminate\\Container\\BoundMethod::call(Object(Illuminate\\Foundation\\Application), Array, Array, NULL)
#14 /var/www/webroot/ENIGA/servicesuivi/vendor/laravel/framework/src/Illuminate/Foundation/Application.php(929): Illuminate\\Container\\Container->call(Array)
#15 /var/www/webroot/ENIGA/servicesuivi/vendor/laravel/framework/src/Illuminate/Foundation/Application.php(910): Illuminate\\Foundation\\Application->bootProvider(Object(Livewire\\LivewireServiceProvider))
#16 [internal function]: Illuminate\\Foundation\\Application->Illuminate\\Foundation\\{closure}(Object(Livewire\\LivewireServiceProvider), 20)
#17 /var/www/webroot/ENIGA/servicesuivi/vendor/laravel/framework/src/Illuminate/Foundation/Application.php(909): array_walk(Array, Object(Closure))
#18 /var/www/webroot/ENIGA/servicesuivi/vendor/laravel/framework/src/Illuminate/Foundation/Bootstrap/BootProviders.php(17): Illuminate\\Foundation\\Application->boot()
#19 /var/www/webroot/ENIGA/servicesuivi/vendor/laravel/framework/src/Illuminate/Foundation/Application.php(242): Illuminate\\Foundation\\Bootstrap\\BootProviders->bootstrap(Object(Illuminate\\Foundation\\Application))
#20 /var/www/webroot/ENIGA/servicesuivi/vendor/laravel/framework/src/Illuminate/Foundation/Http/Kernel.php(176): Illuminate\\Foundation\\Application->bootstrapWith(Array)
#21 /var/www/webroot/ENIGA/servicesuivi/vendor/laravel/framework/src/Illuminate/Foundation/Http/Kernel.php(160): Illuminate\\Foundation\\Http\\Kernel->bootstrap()
#22 /var/www/webroot/ENIGA/servicesuivi/vendor/laravel/framework/src/Illuminate/Foundation/Http/Kernel.php(134): Illuminate\\Foundation\\Http\\Kernel->sendRequestThroughRouter(Object(Illuminate\\Http\\Request))
#23 /var/www/webroot/ENIGA/servicesuivi/public/index.php(51): Illuminate\\Foundation\\Http\\Kernel->handle(Object(Illuminate\\Http\\Request))
#24 {main}
"} 
[2024-10-08 12:35:21] local.ERROR: Please provide a valid cache path. {"exception":"[object] (InvalidArgumentException(code: 0): Please provide a valid cache path. at /var/www/webroot/ENIGA/servicesuivi/vendor/laravel/framework/src/Illuminate/View/Compilers/Compiler.php:66)
[stacktrace]
#0 /var/www/webroot/ENIGA/servicesuivi/vendor/laravel/framework/src/Illuminate/View/ViewServiceProvider.php(96): Illuminate\\View\\Compilers\\Compiler->__construct(Object(Illuminate\\Filesystem\\Filesystem), false, '', true, 'php')
#1 /var/www/webroot/ENIGA/servicesuivi/vendor/laravel/framework/src/Illuminate/Container/Container.php(885): Illuminate\\View\\ViewServiceProvider->Illuminate\\View\\{closure}(Object(Illuminate\\Foundation\\Application), Array)
#2 /var/www/webroot/ENIGA/servicesuivi/vendor/laravel/framework/src/Illuminate/Container/Container.php(770): Illuminate\\Container\\Container->build(Object(Closure))
#3 /var/www/webroot/ENIGA/servicesuivi/vendor/laravel/framework/src/Illuminate/Foundation/Application.php(856): Illuminate\\Container\\Container->resolve('blade.compiler', Array, true)
#4 /var/www/webroot/ENIGA/servicesuivi/vendor/laravel/framework/src/Illuminate/Container/Container.php(706): Illuminate\\Foundation\\Application->resolve('blade.compiler', Array)
#5 /var/www/webroot/ENIGA/servicesuivi/vendor/laravel/framework/src/Illuminate/Foundation/Application.php(841): Illuminate\\Container\\Container->make('blade.compiler', Array)
#6 /var/www/webroot/ENIGA/servicesuivi/vendor/laravel/framework/src/Illuminate/Container/Container.php(1431): Illuminate\\Foundation\\Application->make('blade.compiler')
#7 /var/www/webroot/ENIGA/servicesuivi/vendor/livewire/livewire/src/LivewireServiceProvider.php(276): Illuminate\\Container\\Container->offsetGet('blade.compiler')
#8 /var/www/webroot/ENIGA/servicesuivi/vendor/livewire/livewire/src/LivewireServiceProvider.php(79): Livewire\\LivewireServiceProvider->registerTagCompiler()
#9 /var/www/webroot/ENIGA/servicesuivi/vendor/laravel/framework/src/Illuminate/Container/BoundMethod.php(36): Livewire\\LivewireServiceProvider->boot()
#10 /var/www/webroot/ENIGA/servicesuivi/vendor/laravel/framework/src/Illuminate/Container/Util.php(41): Illuminate\\Container\\BoundMethod::Illuminate\\Container\\{closure}()
#11 /var/www/webroot/ENIGA/servicesuivi/vendor/laravel/framework/src/Illuminate/Container/BoundMethod.php(93): Illuminate\\Container\\Util::unwrapIfClosure(Object(Closure))
#12 /var/www/webroot/ENIGA/servicesuivi/vendor/laravel/framework/src/Illuminate/Container/BoundMethod.php(35): Illuminate\\Container\\BoundMethod::callBoundMethod(Object(Illuminate\\Foundation\\Application), Array, Object(Closure))
#13 /var/www/webroot/ENIGA/servicesuivi/vendor/laravel/framework/src/Illuminate/Container/Container.php(661): Illuminate\\Container\\BoundMethod::call(Object(Illuminate\\Foundation\\Application), Array, Array, NULL)
#14 /var/www/webroot/ENIGA/servicesuivi/vendor/laravel/framework/src/Illuminate/Foundation/Application.php(929): Illuminate\\Container\\Container->call(Array)
#15 /var/www/webroot/ENIGA/servicesuivi/vendor/laravel/framework/src/Illuminate/Foundation/Application.php(910): Illuminate\\Foundation\\Application->bootProvider(Object(Livewire\\LivewireServiceProvider))
#16 [internal function]: Illuminate\\Foundation\\Application->Illuminate\\Foundation\\{closure}(Object(Livewire\\LivewireServiceProvider), 20)
#17 /var/www/webroot/ENIGA/servicesuivi/vendor/laravel/framework/src/Illuminate/Foundation/Application.php(909): array_walk(Array, Object(Closure))
#18 /var/www/webroot/ENIGA/servicesuivi/vendor/laravel/framework/src/Illuminate/Foundation/Bootstrap/BootProviders.php(17): Illuminate\\Foundation\\Application->boot()
#19 /var/www/webroot/ENIGA/servicesuivi/vendor/laravel/framework/src/Illuminate/Foundation/Application.php(242): Illuminate\\Foundation\\Bootstrap\\BootProviders->bootstrap(Object(Illuminate\\Foundation\\Application))
#20 /var/www/webroot/ENIGA/servicesuivi/vendor/laravel/framework/src/Illuminate/Foundation/Http/Kernel.php(176): Illuminate\\Foundation\\Application->bootstrapWith(Array)
#21 /var/www/webroot/ENIGA/servicesuivi/vendor/laravel/framework/src/Illuminate/Foundation/Http/Kernel.php(160): Illuminate\\Foundation\\Http\\Kernel->bootstrap()
#22 /var/www/webroot/ENIGA/servicesuivi/vendor/laravel/framework/src/Illuminate/Foundation/Http/Kernel.php(134): Illuminate\\Foundation\\Http\\Kernel->sendRequestThroughRouter(Object(Illuminate\\Http\\Request))
#23 /var/www/webroot/ENIGA/servicesuivi/public/index.php(51): Illuminate\\Foundation\\Http\\Kernel->handle(Object(Illuminate\\Http\\Request))
#24 {main}
"} 
[2024-10-08 12:46:32] local.ERROR: Please provide a valid cache path. {"exception":"[object] (InvalidArgumentException(code: 0): Please provide a valid cache path. at /var/www/webroot/ENIGA/servicesuivi/vendor/laravel/framework/src/Illuminate/View/Compilers/Compiler.php:66)
[stacktrace]
#0 /var/www/webroot/ENIGA/servicesuivi/vendor/laravel/framework/src/Illuminate/View/ViewServiceProvider.php(96): Illuminate\\View\\Compilers\\Compiler->__construct(Object(Illuminate\\Filesystem\\Filesystem), false, '', true, 'php')
#1 /var/www/webroot/ENIGA/servicesuivi/vendor/laravel/framework/src/Illuminate/Container/Container.php(885): Illuminate\\View\\ViewServiceProvider->Illuminate\\View\\{closure}(Object(Illuminate\\Foundation\\Application), Array)
#2 /var/www/webroot/ENIGA/servicesuivi/vendor/laravel/framework/src/Illuminate/Container/Container.php(770): Illuminate\\Container\\Container->build(Object(Closure))
#3 /var/www/webroot/ENIGA/servicesuivi/vendor/laravel/framework/src/Illuminate/Foundation/Application.php(856): Illuminate\\Container\\Container->resolve('blade.compiler', Array, true)
#4 /var/www/webroot/ENIGA/servicesuivi/vendor/laravel/framework/src/Illuminate/Container/Container.php(706): Illuminate\\Foundation\\Application->resolve('blade.compiler', Array)
#5 /var/www/webroot/ENIGA/servicesuivi/vendor/laravel/framework/src/Illuminate/Foundation/Application.php(841): Illuminate\\Container\\Container->make('blade.compiler', Array)
#6 /var/www/webroot/ENIGA/servicesuivi/vendor/laravel/framework/src/Illuminate/Container/Container.php(1431): Illuminate\\Foundation\\Application->make('blade.compiler')
#7 /var/www/webroot/ENIGA/servicesuivi/vendor/livewire/livewire/src/LivewireServiceProvider.php(276): Illuminate\\Container\\Container->offsetGet('blade.compiler')
#8 /var/www/webroot/ENIGA/servicesuivi/vendor/livewire/livewire/src/LivewireServiceProvider.php(79): Livewire\\LivewireServiceProvider->registerTagCompiler()
#9 /var/www/webroot/ENIGA/servicesuivi/vendor/laravel/framework/src/Illuminate/Container/BoundMethod.php(36): Livewire\\LivewireServiceProvider->boot()
#10 /var/www/webroot/ENIGA/servicesuivi/vendor/laravel/framework/src/Illuminate/Container/Util.php(41): Illuminate\\Container\\BoundMethod::Illuminate\\Container\\{closure}()
#11 /var/www/webroot/ENIGA/servicesuivi/vendor/laravel/framework/src/Illuminate/Container/BoundMethod.php(93): Illuminate\\Container\\Util::unwrapIfClosure(Object(Closure))
#12 /var/www/webroot/ENIGA/servicesuivi/vendor/laravel/framework/src/Illuminate/Container/BoundMethod.php(35): Illuminate\\Container\\BoundMethod::callBoundMethod(Object(Illuminate\\Foundation\\Application), Array, Object(Closure))
#13 /var/www/webroot/ENIGA/servicesuivi/vendor/laravel/framework/src/Illuminate/Container/Container.php(661): Illuminate\\Container\\BoundMethod::call(Object(Illuminate\\Foundation\\Application), Array, Array, NULL)
#14 /var/www/webroot/ENIGA/servicesuivi/vendor/laravel/framework/src/Illuminate/Foundation/Application.php(929): Illuminate\\Container\\Container->call(Array)
#15 /var/www/webroot/ENIGA/servicesuivi/vendor/laravel/framework/src/Illuminate/Foundation/Application.php(910): Illuminate\\Foundation\\Application->bootProvider(Object(Livewire\\LivewireServiceProvider))
#16 [internal function]: Illuminate\\Foundation\\Application->Illuminate\\Foundation\\{closure}(Object(Livewire\\LivewireServiceProvider), 20)
#17 /var/www/webroot/ENIGA/servicesuivi/vendor/laravel/framework/src/Illuminate/Foundation/Application.php(909): array_walk(Array, Object(Closure))
#18 /var/www/webroot/ENIGA/servicesuivi/vendor/laravel/framework/src/Illuminate/Foundation/Bootstrap/BootProviders.php(17): Illuminate\\Foundation\\Application->boot()
#19 /var/www/webroot/ENIGA/servicesuivi/vendor/laravel/framework/src/Illuminate/Foundation/Application.php(242): Illuminate\\Foundation\\Bootstrap\\BootProviders->bootstrap(Object(Illuminate\\Foundation\\Application))
#20 /var/www/webroot/ENIGA/servicesuivi/vendor/laravel/framework/src/Illuminate/Foundation/Http/Kernel.php(176): Illuminate\\Foundation\\Application->bootstrapWith(Array)
#21 /var/www/webroot/ENIGA/servicesuivi/vendor/laravel/framework/src/Illuminate/Foundation/Http/Kernel.php(160): Illuminate\\Foundation\\Http\\Kernel->bootstrap()
#22 /var/www/webroot/ENIGA/servicesuivi/vendor/laravel/framework/src/Illuminate/Foundation/Http/Kernel.php(134): Illuminate\\Foundation\\Http\\Kernel->sendRequestThroughRouter(Object(Illuminate\\Http\\Request))
#23 /var/www/webroot/ENIGA/servicesuivi/public/index.php(51): Illuminate\\Foundation\\Http\\Kernel->handle(Object(Illuminate\\Http\\Request))
#24 {main}
"} 
[2024-10-08 12:50:46] local.ERROR: Please provide a valid cache path. {"exception":"[object] (InvalidArgumentException(code: 0): Please provide a valid cache path. at /var/www/webroot/ENIGA/servicesuivi/vendor/laravel/framework/src/Illuminate/View/Compilers/Compiler.php:66)
[stacktrace]
#0 /var/www/webroot/ENIGA/servicesuivi/vendor/laravel/framework/src/Illuminate/View/ViewServiceProvider.php(96): Illuminate\\View\\Compilers\\Compiler->__construct(Object(Illuminate\\Filesystem\\Filesystem), false, '', true, 'php')
#1 /var/www/webroot/ENIGA/servicesuivi/vendor/laravel/framework/src/Illuminate/Container/Container.php(885): Illuminate\\View\\ViewServiceProvider->Illuminate\\View\\{closure}(Object(Illuminate\\Foundation\\Application), Array)
#2 /var/www/webroot/ENIGA/servicesuivi/vendor/laravel/framework/src/Illuminate/Container/Container.php(770): Illuminate\\Container\\Container->build(Object(Closure))
#3 /var/www/webroot/ENIGA/servicesuivi/vendor/laravel/framework/src/Illuminate/Foundation/Application.php(856): Illuminate\\Container\\Container->resolve('blade.compiler', Array, true)
#4 /var/www/webroot/ENIGA/servicesuivi/vendor/laravel/framework/src/Illuminate/Container/Container.php(706): Illuminate\\Foundation\\Application->resolve('blade.compiler', Array)
#5 /var/www/webroot/ENIGA/servicesuivi/vendor/laravel/framework/src/Illuminate/Foundation/Application.php(841): Illuminate\\Container\\Container->make('blade.compiler', Array)
#6 /var/www/webroot/ENIGA/servicesuivi/vendor/laravel/framework/src/Illuminate/Container/Container.php(1431): Illuminate\\Foundation\\Application->make('blade.compiler')
#7 /var/www/webroot/ENIGA/servicesuivi/vendor/livewire/livewire/src/LivewireServiceProvider.php(276): Illuminate\\Container\\Container->offsetGet('blade.compiler')
#8 /var/www/webroot/ENIGA/servicesuivi/vendor/livewire/livewire/src/LivewireServiceProvider.php(79): Livewire\\LivewireServiceProvider->registerTagCompiler()
#9 /var/www/webroot/ENIGA/servicesuivi/vendor/laravel/framework/src/Illuminate/Container/BoundMethod.php(36): Livewire\\LivewireServiceProvider->boot()
#10 /var/www/webroot/ENIGA/servicesuivi/vendor/laravel/framework/src/Illuminate/Container/Util.php(41): Illuminate\\Container\\BoundMethod::Illuminate\\Container\\{closure}()
#11 /var/www/webroot/ENIGA/servicesuivi/vendor/laravel/framework/src/Illuminate/Container/BoundMethod.php(93): Illuminate\\Container\\Util::unwrapIfClosure(Object(Closure))
#12 /var/www/webroot/ENIGA/servicesuivi/vendor/laravel/framework/src/Illuminate/Container/BoundMethod.php(35): Illuminate\\Container\\BoundMethod::callBoundMethod(Object(Illuminate\\Foundation\\Application), Array, Object(Closure))
#13 /var/www/webroot/ENIGA/servicesuivi/vendor/laravel/framework/src/Illuminate/Container/Container.php(661): Illuminate\\Container\\BoundMethod::call(Object(Illuminate\\Foundation\\Application), Array, Array, NULL)
#14 /var/www/webroot/ENIGA/servicesuivi/vendor/laravel/framework/src/Illuminate/Foundation/Application.php(929): Illuminate\\Container\\Container->call(Array)
#15 /var/www/webroot/ENIGA/servicesuivi/vendor/laravel/framework/src/Illuminate/Foundation/Application.php(910): Illuminate\\Foundation\\Application->bootProvider(Object(Livewire\\LivewireServiceProvider))
#16 [internal function]: Illuminate\\Foundation\\Application->Illuminate\\Foundation\\{closure}(Object(Livewire\\LivewireServiceProvider), 20)
#17 /var/www/webroot/ENIGA/servicesuivi/vendor/laravel/framework/src/Illuminate/Foundation/Application.php(909): array_walk(Array, Object(Closure))
#18 /var/www/webroot/ENIGA/servicesuivi/vendor/laravel/framework/src/Illuminate/Foundation/Bootstrap/BootProviders.php(17): Illuminate\\Foundation\\Application->boot()
#19 /var/www/webroot/ENIGA/servicesuivi/vendor/laravel/framework/src/Illuminate/Foundation/Application.php(242): Illuminate\\Foundation\\Bootstrap\\BootProviders->bootstrap(Object(Illuminate\\Foundation\\Application))
#20 /var/www/webroot/ENIGA/servicesuivi/vendor/laravel/framework/src/Illuminate/Foundation/Console/Kernel.php(383): Illuminate\\Foundation\\Application->bootstrapWith(Array)
#21 /var/www/webroot/ENIGA/servicesuivi/vendor/laravel/framework/src/Illuminate/Foundation/Console/Kernel.php(153): Illuminate\\Foundation\\Console\\Kernel->bootstrap()
#22 /var/www/webroot/ENIGA/servicesuivi/artisan(35): Illuminate\\Foundation\\Console\\Kernel->handle(Object(Symfony\\Component\\Console\\Input\\ArgvInput), Object(Symfony\\Component\\Console\\Output\\ConsoleOutput))
#23 {main}
"} 
[2024-10-08 12:51:19] local.ERROR: Please provide a valid cache path. {"exception":"[object] (InvalidArgumentException(code: 0): Please provide a valid cache path. at /var/www/webroot/ENIGA/servicesuivi/vendor/laravel/framework/src/Illuminate/View/Compilers/Compiler.php:66)
[stacktrace]
#0 /var/www/webroot/ENIGA/servicesuivi/vendor/laravel/framework/src/Illuminate/View/ViewServiceProvider.php(96): Illuminate\\View\\Compilers\\Compiler->__construct(Object(Illuminate\\Filesystem\\Filesystem), false, '', true, 'php')
#1 /var/www/webroot/ENIGA/servicesuivi/vendor/laravel/framework/src/Illuminate/Container/Container.php(885): Illuminate\\View\\ViewServiceProvider->Illuminate\\View\\{closure}(Object(Illuminate\\Foundation\\Application), Array)
#2 /var/www/webroot/ENIGA/servicesuivi/vendor/laravel/framework/src/Illuminate/Container/Container.php(770): Illuminate\\Container\\Container->build(Object(Closure))
#3 /var/www/webroot/ENIGA/servicesuivi/vendor/laravel/framework/src/Illuminate/Foundation/Application.php(856): Illuminate\\Container\\Container->resolve('blade.compiler', Array, true)
#4 /var/www/webroot/ENIGA/servicesuivi/vendor/laravel/framework/src/Illuminate/Container/Container.php(706): Illuminate\\Foundation\\Application->resolve('blade.compiler', Array)
#5 /var/www/webroot/ENIGA/servicesuivi/vendor/laravel/framework/src/Illuminate/Foundation/Application.php(841): Illuminate\\Container\\Container->make('blade.compiler', Array)
#6 /var/www/webroot/ENIGA/servicesuivi/vendor/laravel/framework/src/Illuminate/Container/Container.php(1431): Illuminate\\Foundation\\Application->make('blade.compiler')
#7 /var/www/webroot/ENIGA/servicesuivi/vendor/livewire/livewire/src/LivewireServiceProvider.php(276): Illuminate\\Container\\Container->offsetGet('blade.compiler')
#8 /var/www/webroot/ENIGA/servicesuivi/vendor/livewire/livewire/src/LivewireServiceProvider.php(79): Livewire\\LivewireServiceProvider->registerTagCompiler()
#9 /var/www/webroot/ENIGA/servicesuivi/vendor/laravel/framework/src/Illuminate/Container/BoundMethod.php(36): Livewire\\LivewireServiceProvider->boot()
#10 /var/www/webroot/ENIGA/servicesuivi/vendor/laravel/framework/src/Illuminate/Container/Util.php(41): Illuminate\\Container\\BoundMethod::Illuminate\\Container\\{closure}()
#11 /var/www/webroot/ENIGA/servicesuivi/vendor/laravel/framework/src/Illuminate/Container/BoundMethod.php(93): Illuminate\\Container\\Util::unwrapIfClosure(Object(Closure))
#12 /var/www/webroot/ENIGA/servicesuivi/vendor/laravel/framework/src/Illuminate/Container/BoundMethod.php(35): Illuminate\\Container\\BoundMethod::callBoundMethod(Object(Illuminate\\Foundation\\Application), Array, Object(Closure))
#13 /var/www/webroot/ENIGA/servicesuivi/vendor/laravel/framework/src/Illuminate/Container/Container.php(661): Illuminate\\Container\\BoundMethod::call(Object(Illuminate\\Foundation\\Application), Array, Array, NULL)
#14 /var/www/webroot/ENIGA/servicesuivi/vendor/laravel/framework/src/Illuminate/Foundation/Application.php(929): Illuminate\\Container\\Container->call(Array)
#15 /var/www/webroot/ENIGA/servicesuivi/vendor/laravel/framework/src/Illuminate/Foundation/Application.php(910): Illuminate\\Foundation\\Application->bootProvider(Object(Livewire\\LivewireServiceProvider))
#16 [internal function]: Illuminate\\Foundation\\Application->Illuminate\\Foundation\\{closure}(Object(Livewire\\LivewireServiceProvider), 20)
#17 /var/www/webroot/ENIGA/servicesuivi/vendor/laravel/framework/src/Illuminate/Foundation/Application.php(909): array_walk(Array, Object(Closure))
#18 /var/www/webroot/ENIGA/servicesuivi/vendor/laravel/framework/src/Illuminate/Foundation/Bootstrap/BootProviders.php(17): Illuminate\\Foundation\\Application->boot()
#19 /var/www/webroot/ENIGA/servicesuivi/vendor/laravel/framework/src/Illuminate/Foundation/Application.php(242): Illuminate\\Foundation\\Bootstrap\\BootProviders->bootstrap(Object(Illuminate\\Foundation\\Application))
#20 /var/www/webroot/ENIGA/servicesuivi/vendor/laravel/framework/src/Illuminate/Foundation/Console/Kernel.php(383): Illuminate\\Foundation\\Application->bootstrapWith(Array)
#21 /var/www/webroot/ENIGA/servicesuivi/vendor/laravel/framework/src/Illuminate/Foundation/Console/Kernel.php(153): Illuminate\\Foundation\\Console\\Kernel->bootstrap()
#22 /var/www/webroot/ENIGA/servicesuivi/artisan(35): Illuminate\\Foundation\\Console\\Kernel->handle(Object(Symfony\\Component\\Console\\Input\\ArgvInput), Object(Symfony\\Component\\Console\\Output\\ConsoleOutput))
#23 {main}
"} 
[2024-10-08 12:51:38] local.ERROR: Please provide a valid cache path. {"exception":"[object] (InvalidArgumentException(code: 0): Please provide a valid cache path. at /var/www/webroot/ENIGA/servicesuivi/vendor/laravel/framework/src/Illuminate/View/Compilers/Compiler.php:66)
[stacktrace]
#0 /var/www/webroot/ENIGA/servicesuivi/vendor/laravel/framework/src/Illuminate/View/ViewServiceProvider.php(96): Illuminate\\View\\Compilers\\Compiler->__construct(Object(Illuminate\\Filesystem\\Filesystem), false, '', true, 'php')
#1 /var/www/webroot/ENIGA/servicesuivi/vendor/laravel/framework/src/Illuminate/Container/Container.php(885): Illuminate\\View\\ViewServiceProvider->Illuminate\\View\\{closure}(Object(Illuminate\\Foundation\\Application), Array)
#2 /var/www/webroot/ENIGA/servicesuivi/vendor/laravel/framework/src/Illuminate/Container/Container.php(770): Illuminate\\Container\\Container->build(Object(Closure))
#3 /var/www/webroot/ENIGA/servicesuivi/vendor/laravel/framework/src/Illuminate/Foundation/Application.php(856): Illuminate\\Container\\Container->resolve('blade.compiler', Array, true)
#4 /var/www/webroot/ENIGA/servicesuivi/vendor/laravel/framework/src/Illuminate/Container/Container.php(706): Illuminate\\Foundation\\Application->resolve('blade.compiler', Array)
#5 /var/www/webroot/ENIGA/servicesuivi/vendor/laravel/framework/src/Illuminate/Foundation/Application.php(841): Illuminate\\Container\\Container->make('blade.compiler', Array)
#6 /var/www/webroot/ENIGA/servicesuivi/vendor/laravel/framework/src/Illuminate/Container/Container.php(1431): Illuminate\\Foundation\\Application->make('blade.compiler')
#7 /var/www/webroot/ENIGA/servicesuivi/vendor/livewire/livewire/src/LivewireServiceProvider.php(276): Illuminate\\Container\\Container->offsetGet('blade.compiler')
#8 /var/www/webroot/ENIGA/servicesuivi/vendor/livewire/livewire/src/LivewireServiceProvider.php(79): Livewire\\LivewireServiceProvider->registerTagCompiler()
#9 /var/www/webroot/ENIGA/servicesuivi/vendor/laravel/framework/src/Illuminate/Container/BoundMethod.php(36): Livewire\\LivewireServiceProvider->boot()
#10 /var/www/webroot/ENIGA/servicesuivi/vendor/laravel/framework/src/Illuminate/Container/Util.php(41): Illuminate\\Container\\BoundMethod::Illuminate\\Container\\{closure}()
#11 /var/www/webroot/ENIGA/servicesuivi/vendor/laravel/framework/src/Illuminate/Container/BoundMethod.php(93): Illuminate\\Container\\Util::unwrapIfClosure(Object(Closure))
#12 /var/www/webroot/ENIGA/servicesuivi/vendor/laravel/framework/src/Illuminate/Container/BoundMethod.php(35): Illuminate\\Container\\BoundMethod::callBoundMethod(Object(Illuminate\\Foundation\\Application), Array, Object(Closure))
#13 /var/www/webroot/ENIGA/servicesuivi/vendor/laravel/framework/src/Illuminate/Container/Container.php(661): Illuminate\\Container\\BoundMethod::call(Object(Illuminate\\Foundation\\Application), Array, Array, NULL)
#14 /var/www/webroot/ENIGA/servicesuivi/vendor/laravel/framework/src/Illuminate/Foundation/Application.php(929): Illuminate\\Container\\Container->call(Array)
#15 /var/www/webroot/ENIGA/servicesuivi/vendor/laravel/framework/src/Illuminate/Foundation/Application.php(910): Illuminate\\Foundation\\Application->bootProvider(Object(Livewire\\LivewireServiceProvider))
#16 [internal function]: Illuminate\\Foundation\\Application->Illuminate\\Foundation\\{closure}(Object(Livewire\\LivewireServiceProvider), 20)
#17 /var/www/webroot/ENIGA/servicesuivi/vendor/laravel/framework/src/Illuminate/Foundation/Application.php(909): array_walk(Array, Object(Closure))
#18 /var/www/webroot/ENIGA/servicesuivi/vendor/laravel/framework/src/Illuminate/Foundation/Bootstrap/BootProviders.php(17): Illuminate\\Foundation\\Application->boot()
#19 /var/www/webroot/ENIGA/servicesuivi/vendor/laravel/framework/src/Illuminate/Foundation/Application.php(242): Illuminate\\Foundation\\Bootstrap\\BootProviders->bootstrap(Object(Illuminate\\Foundation\\Application))
#20 /var/www/webroot/ENIGA/servicesuivi/vendor/laravel/framework/src/Illuminate/Foundation/Http/Kernel.php(176): Illuminate\\Foundation\\Application->bootstrapWith(Array)
#21 /var/www/webroot/ENIGA/servicesuivi/vendor/laravel/framework/src/Illuminate/Foundation/Http/Kernel.php(160): Illuminate\\Foundation\\Http\\Kernel->bootstrap()
#22 /var/www/webroot/ENIGA/servicesuivi/vendor/laravel/framework/src/Illuminate/Foundation/Http/Kernel.php(134): Illuminate\\Foundation\\Http\\Kernel->sendRequestThroughRouter(Object(Illuminate\\Http\\Request))
#23 /var/www/webroot/ENIGA/servicesuivi/public/index.php(51): Illuminate\\Foundation\\Http\\Kernel->handle(Object(Illuminate\\Http\\Request))
#24 {main}
"} 
[2024-10-08 12:58:46] local.ERROR: The /var/www/webroot/ENIGA/servicesuivi/bootstrap/cache directory must be present and writable. {"exception":"[object] (Exception(code: 0): The /var/www/webroot/ENIGA/servicesuivi/bootstrap/cache directory must be present and writable. at /var/www/webroot/ENIGA/servicesuivi/vendor/laravel/framework/src/Illuminate/Foundation/PackageManifest.php:178)
[stacktrace]
#0 /var/www/webroot/ENIGA/servicesuivi/vendor/laravel/framework/src/Illuminate/Foundation/PackageManifest.php(131): Illuminate\\Foundation\\PackageManifest->write(Array)
#1 /var/www/webroot/ENIGA/servicesuivi/vendor/laravel/framework/src/Illuminate/Foundation/PackageManifest.php(107): Illuminate\\Foundation\\PackageManifest->build()
#2 /var/www/webroot/ENIGA/servicesuivi/vendor/laravel/framework/src/Illuminate/Foundation/PackageManifest.php(90): Illuminate\\Foundation\\PackageManifest->getManifest()
#3 /var/www/webroot/ENIGA/servicesuivi/vendor/laravel/framework/src/Illuminate/Foundation/PackageManifest.php(79): Illuminate\\Foundation\\PackageManifest->config('aliases')
#4 /var/www/webroot/ENIGA/servicesuivi/vendor/laravel/framework/src/Illuminate/Foundation/Bootstrap/RegisterFacades.php(26): Illuminate\\Foundation\\PackageManifest->aliases()
#5 /var/www/webroot/ENIGA/servicesuivi/vendor/laravel/framework/src/Illuminate/Foundation/Application.php(242): Illuminate\\Foundation\\Bootstrap\\RegisterFacades->bootstrap(Object(Illuminate\\Foundation\\Application))
#6 /var/www/webroot/ENIGA/servicesuivi/vendor/laravel/framework/src/Illuminate/Foundation/Http/Kernel.php(176): Illuminate\\Foundation\\Application->bootstrapWith(Array)
#7 /var/www/webroot/ENIGA/servicesuivi/vendor/laravel/framework/src/Illuminate/Foundation/Http/Kernel.php(160): Illuminate\\Foundation\\Http\\Kernel->bootstrap()
#8 /var/www/webroot/ENIGA/servicesuivi/vendor/laravel/framework/src/Illuminate/Foundation/Http/Kernel.php(134): Illuminate\\Foundation\\Http\\Kernel->sendRequestThroughRouter(Object(Illuminate\\Http\\Request))
#9 /var/www/webroot/ENIGA/servicesuivi/public/index.php(51): Illuminate\\Foundation\\Http\\Kernel->handle(Object(Illuminate\\Http\\Request))
#10 {main}
"} 
[2024-10-08 12:59:46] local.ERROR: Please provide a valid cache path. {"exception":"[object] (InvalidArgumentException(code: 0): Please provide a valid cache path. at /var/www/webroot/ENIGA/servicesuivi/vendor/laravel/framework/src/Illuminate/View/Compilers/Compiler.php:66)
[stacktrace]
#0 /var/www/webroot/ENIGA/servicesuivi/vendor/laravel/framework/src/Illuminate/View/ViewServiceProvider.php(96): Illuminate\\View\\Compilers\\Compiler->__construct(Object(Illuminate\\Filesystem\\Filesystem), false, '', true, 'php')
#1 /var/www/webroot/ENIGA/servicesuivi/vendor/laravel/framework/src/Illuminate/Container/Container.php(885): Illuminate\\View\\ViewServiceProvider->Illuminate\\View\\{closure}(Object(Illuminate\\Foundation\\Application), Array)
#2 /var/www/webroot/ENIGA/servicesuivi/vendor/laravel/framework/src/Illuminate/Container/Container.php(770): Illuminate\\Container\\Container->build(Object(Closure))
#3 /var/www/webroot/ENIGA/servicesuivi/vendor/laravel/framework/src/Illuminate/Foundation/Application.php(856): Illuminate\\Container\\Container->resolve('blade.compiler', Array, true)
#4 /var/www/webroot/ENIGA/servicesuivi/vendor/laravel/framework/src/Illuminate/Container/Container.php(706): Illuminate\\Foundation\\Application->resolve('blade.compiler', Array)
#5 /var/www/webroot/ENIGA/servicesuivi/vendor/laravel/framework/src/Illuminate/Foundation/Application.php(841): Illuminate\\Container\\Container->make('blade.compiler', Array)
#6 /var/www/webroot/ENIGA/servicesuivi/vendor/laravel/framework/src/Illuminate/Container/Container.php(1431): Illuminate\\Foundation\\Application->make('blade.compiler')
#7 /var/www/webroot/ENIGA/servicesuivi/vendor/livewire/livewire/src/LivewireServiceProvider.php(276): Illuminate\\Container\\Container->offsetGet('blade.compiler')
#8 /var/www/webroot/ENIGA/servicesuivi/vendor/livewire/livewire/src/LivewireServiceProvider.php(79): Livewire\\LivewireServiceProvider->registerTagCompiler()
#9 /var/www/webroot/ENIGA/servicesuivi/vendor/laravel/framework/src/Illuminate/Container/BoundMethod.php(36): Livewire\\LivewireServiceProvider->boot()
#10 /var/www/webroot/ENIGA/servicesuivi/vendor/laravel/framework/src/Illuminate/Container/Util.php(41): Illuminate\\Container\\BoundMethod::Illuminate\\Container\\{closure}()
#11 /var/www/webroot/ENIGA/servicesuivi/vendor/laravel/framework/src/Illuminate/Container/BoundMethod.php(93): Illuminate\\Container\\Util::unwrapIfClosure(Object(Closure))
#12 /var/www/webroot/ENIGA/servicesuivi/vendor/laravel/framework/src/Illuminate/Container/BoundMethod.php(35): Illuminate\\Container\\BoundMethod::callBoundMethod(Object(Illuminate\\Foundation\\Application), Array, Object(Closure))
#13 /var/www/webroot/ENIGA/servicesuivi/vendor/laravel/framework/src/Illuminate/Container/Container.php(661): Illuminate\\Container\\BoundMethod::call(Object(Illuminate\\Foundation\\Application), Array, Array, NULL)
#14 /var/www/webroot/ENIGA/servicesuivi/vendor/laravel/framework/src/Illuminate/Foundation/Application.php(929): Illuminate\\Container\\Container->call(Array)
#15 /var/www/webroot/ENIGA/servicesuivi/vendor/laravel/framework/src/Illuminate/Foundation/Application.php(910): Illuminate\\Foundation\\Application->bootProvider(Object(Livewire\\LivewireServiceProvider))
#16 [internal function]: Illuminate\\Foundation\\Application->Illuminate\\Foundation\\{closure}(Object(Livewire\\LivewireServiceProvider), 20)
#17 /var/www/webroot/ENIGA/servicesuivi/vendor/laravel/framework/src/Illuminate/Foundation/Application.php(909): array_walk(Array, Object(Closure))
#18 /var/www/webroot/ENIGA/servicesuivi/vendor/laravel/framework/src/Illuminate/Foundation/Bootstrap/BootProviders.php(17): Illuminate\\Foundation\\Application->boot()
#19 /var/www/webroot/ENIGA/servicesuivi/vendor/laravel/framework/src/Illuminate/Foundation/Application.php(242): Illuminate\\Foundation\\Bootstrap\\BootProviders->bootstrap(Object(Illuminate\\Foundation\\Application))
#20 /var/www/webroot/ENIGA/servicesuivi/vendor/laravel/framework/src/Illuminate/Foundation/Http/Kernel.php(176): Illuminate\\Foundation\\Application->bootstrapWith(Array)
#21 /var/www/webroot/ENIGA/servicesuivi/vendor/laravel/framework/src/Illuminate/Foundation/Http/Kernel.php(160): Illuminate\\Foundation\\Http\\Kernel->bootstrap()
#22 /var/www/webroot/ENIGA/servicesuivi/vendor/laravel/framework/src/Illuminate/Foundation/Http/Kernel.php(134): Illuminate\\Foundation\\Http\\Kernel->sendRequestThroughRouter(Object(Illuminate\\Http\\Request))
#23 /var/www/webroot/ENIGA/servicesuivi/public/index.php(51): Illuminate\\Foundation\\Http\\Kernel->handle(Object(Illuminate\\Http\\Request))
#24 {main}
"} 
[2024-10-08 13:03:50] local.ERROR: Please provide a valid cache path. {"exception":"[object] (InvalidArgumentException(code: 0): Please provide a valid cache path. at /var/www/webroot/ENIGA/servicesuivi/vendor/laravel/framework/src/Illuminate/View/Compilers/Compiler.php:66)
[stacktrace]
#0 /var/www/webroot/ENIGA/servicesuivi/vendor/laravel/framework/src/Illuminate/View/ViewServiceProvider.php(96): Illuminate\\View\\Compilers\\Compiler->__construct(Object(Illuminate\\Filesystem\\Filesystem), false, '', true, 'php')
#1 /var/www/webroot/ENIGA/servicesuivi/vendor/laravel/framework/src/Illuminate/Container/Container.php(885): Illuminate\\View\\ViewServiceProvider->Illuminate\\View\\{closure}(Object(Illuminate\\Foundation\\Application), Array)
#2 /var/www/webroot/ENIGA/servicesuivi/vendor/laravel/framework/src/Illuminate/Container/Container.php(770): Illuminate\\Container\\Container->build(Object(Closure))
#3 /var/www/webroot/ENIGA/servicesuivi/vendor/laravel/framework/src/Illuminate/Foundation/Application.php(856): Illuminate\\Container\\Container->resolve('blade.compiler', Array, true)
#4 /var/www/webroot/ENIGA/servicesuivi/vendor/laravel/framework/src/Illuminate/Container/Container.php(706): Illuminate\\Foundation\\Application->resolve('blade.compiler', Array)
#5 /var/www/webroot/ENIGA/servicesuivi/vendor/laravel/framework/src/Illuminate/Foundation/Application.php(841): Illuminate\\Container\\Container->make('blade.compiler', Array)
#6 /var/www/webroot/ENIGA/servicesuivi/vendor/laravel/framework/src/Illuminate/Container/Container.php(1431): Illuminate\\Foundation\\Application->make('blade.compiler')
#7 /var/www/webroot/ENIGA/servicesuivi/vendor/livewire/livewire/src/LivewireServiceProvider.php(276): Illuminate\\Container\\Container->offsetGet('blade.compiler')
#8 /var/www/webroot/ENIGA/servicesuivi/vendor/livewire/livewire/src/LivewireServiceProvider.php(79): Livewire\\LivewireServiceProvider->registerTagCompiler()
#9 /var/www/webroot/ENIGA/servicesuivi/vendor/laravel/framework/src/Illuminate/Container/BoundMethod.php(36): Livewire\\LivewireServiceProvider->boot()
#10 /var/www/webroot/ENIGA/servicesuivi/vendor/laravel/framework/src/Illuminate/Container/Util.php(41): Illuminate\\Container\\BoundMethod::Illuminate\\Container\\{closure}()
#11 /var/www/webroot/ENIGA/servicesuivi/vendor/laravel/framework/src/Illuminate/Container/BoundMethod.php(93): Illuminate\\Container\\Util::unwrapIfClosure(Object(Closure))
#12 /var/www/webroot/ENIGA/servicesuivi/vendor/laravel/framework/src/Illuminate/Container/BoundMethod.php(35): Illuminate\\Container\\BoundMethod::callBoundMethod(Object(Illuminate\\Foundation\\Application), Array, Object(Closure))
#13 /var/www/webroot/ENIGA/servicesuivi/vendor/laravel/framework/src/Illuminate/Container/Container.php(661): Illuminate\\Container\\BoundMethod::call(Object(Illuminate\\Foundation\\Application), Array, Array, NULL)
#14 /var/www/webroot/ENIGA/servicesuivi/vendor/laravel/framework/src/Illuminate/Foundation/Application.php(929): Illuminate\\Container\\Container->call(Array)
#15 /var/www/webroot/ENIGA/servicesuivi/vendor/laravel/framework/src/Illuminate/Foundation/Application.php(910): Illuminate\\Foundation\\Application->bootProvider(Object(Livewire\\LivewireServiceProvider))
#16 [internal function]: Illuminate\\Foundation\\Application->Illuminate\\Foundation\\{closure}(Object(Livewire\\LivewireServiceProvider), 20)
#17 /var/www/webroot/ENIGA/servicesuivi/vendor/laravel/framework/src/Illuminate/Foundation/Application.php(909): array_walk(Array, Object(Closure))
#18 /var/www/webroot/ENIGA/servicesuivi/vendor/laravel/framework/src/Illuminate/Foundation/Bootstrap/BootProviders.php(17): Illuminate\\Foundation\\Application->boot()
#19 /var/www/webroot/ENIGA/servicesuivi/vendor/laravel/framework/src/Illuminate/Foundation/Application.php(242): Illuminate\\Foundation\\Bootstrap\\BootProviders->bootstrap(Object(Illuminate\\Foundation\\Application))
#20 /var/www/webroot/ENIGA/servicesuivi/vendor/laravel/framework/src/Illuminate/Foundation/Http/Kernel.php(176): Illuminate\\Foundation\\Application->bootstrapWith(Array)
#21 /var/www/webroot/ENIGA/servicesuivi/vendor/laravel/framework/src/Illuminate/Foundation/Http/Kernel.php(160): Illuminate\\Foundation\\Http\\Kernel->bootstrap()
#22 /var/www/webroot/ENIGA/servicesuivi/vendor/laravel/framework/src/Illuminate/Foundation/Http/Kernel.php(134): Illuminate\\Foundation\\Http\\Kernel->sendRequestThroughRouter(Object(Illuminate\\Http\\Request))
#23 /var/www/webroot/ENIGA/servicesuivi/public/index.php(51): Illuminate\\Foundation\\Http\\Kernel->handle(Object(Illuminate\\Http\\Request))
#24 {main}
"} 
[2024-10-08 13:07:01] local.ERROR: Please provide a valid cache path. {"exception":"[object] (InvalidArgumentException(code: 0): Please provide a valid cache path. at /var/www/webroot/ENIGA/servicesuivi/vendor/laravel/framework/src/Illuminate/View/Compilers/Compiler.php:66)
[stacktrace]
#0 /var/www/webroot/ENIGA/servicesuivi/vendor/laravel/framework/src/Illuminate/View/ViewServiceProvider.php(96): Illuminate\\View\\Compilers\\Compiler->__construct(Object(Illuminate\\Filesystem\\Filesystem), false, '', true, 'php')
#1 /var/www/webroot/ENIGA/servicesuivi/vendor/laravel/framework/src/Illuminate/Container/Container.php(885): Illuminate\\View\\ViewServiceProvider->Illuminate\\View\\{closure}(Object(Illuminate\\Foundation\\Application), Array)
#2 /var/www/webroot/ENIGA/servicesuivi/vendor/laravel/framework/src/Illuminate/Container/Container.php(770): Illuminate\\Container\\Container->build(Object(Closure))
#3 /var/www/webroot/ENIGA/servicesuivi/vendor/laravel/framework/src/Illuminate/Foundation/Application.php(856): Illuminate\\Container\\Container->resolve('blade.compiler', Array, true)
#4 /var/www/webroot/ENIGA/servicesuivi/vendor/laravel/framework/src/Illuminate/Container/Container.php(706): Illuminate\\Foundation\\Application->resolve('blade.compiler', Array)
#5 /var/www/webroot/ENIGA/servicesuivi/vendor/laravel/framework/src/Illuminate/Foundation/Application.php(841): Illuminate\\Container\\Container->make('blade.compiler', Array)
#6 /var/www/webroot/ENIGA/servicesuivi/vendor/laravel/framework/src/Illuminate/Container/Container.php(1431): Illuminate\\Foundation\\Application->make('blade.compiler')
#7 /var/www/webroot/ENIGA/servicesuivi/vendor/livewire/livewire/src/LivewireServiceProvider.php(276): Illuminate\\Container\\Container->offsetGet('blade.compiler')
#8 /var/www/webroot/ENIGA/servicesuivi/vendor/livewire/livewire/src/LivewireServiceProvider.php(79): Livewire\\LivewireServiceProvider->registerTagCompiler()
#9 /var/www/webroot/ENIGA/servicesuivi/vendor/laravel/framework/src/Illuminate/Container/BoundMethod.php(36): Livewire\\LivewireServiceProvider->boot()
#10 /var/www/webroot/ENIGA/servicesuivi/vendor/laravel/framework/src/Illuminate/Container/Util.php(41): Illuminate\\Container\\BoundMethod::Illuminate\\Container\\{closure}()
#11 /var/www/webroot/ENIGA/servicesuivi/vendor/laravel/framework/src/Illuminate/Container/BoundMethod.php(93): Illuminate\\Container\\Util::unwrapIfClosure(Object(Closure))
#12 /var/www/webroot/ENIGA/servicesuivi/vendor/laravel/framework/src/Illuminate/Container/BoundMethod.php(35): Illuminate\\Container\\BoundMethod::callBoundMethod(Object(Illuminate\\Foundation\\Application), Array, Object(Closure))
#13 /var/www/webroot/ENIGA/servicesuivi/vendor/laravel/framework/src/Illuminate/Container/Container.php(661): Illuminate\\Container\\BoundMethod::call(Object(Illuminate\\Foundation\\Application), Array, Array, NULL)
#14 /var/www/webroot/ENIGA/servicesuivi/vendor/laravel/framework/src/Illuminate/Foundation/Application.php(929): Illuminate\\Container\\Container->call(Array)
#15 /var/www/webroot/ENIGA/servicesuivi/vendor/laravel/framework/src/Illuminate/Foundation/Application.php(910): Illuminate\\Foundation\\Application->bootProvider(Object(Livewire\\LivewireServiceProvider))
#16 [internal function]: Illuminate\\Foundation\\Application->Illuminate\\Foundation\\{closure}(Object(Livewire\\LivewireServiceProvider), 20)
#17 /var/www/webroot/ENIGA/servicesuivi/vendor/laravel/framework/src/Illuminate/Foundation/Application.php(909): array_walk(Array, Object(Closure))
#18 /var/www/webroot/ENIGA/servicesuivi/vendor/laravel/framework/src/Illuminate/Foundation/Bootstrap/BootProviders.php(17): Illuminate\\Foundation\\Application->boot()
#19 /var/www/webroot/ENIGA/servicesuivi/vendor/laravel/framework/src/Illuminate/Foundation/Application.php(242): Illuminate\\Foundation\\Bootstrap\\BootProviders->bootstrap(Object(Illuminate\\Foundation\\Application))
#20 /var/www/webroot/ENIGA/servicesuivi/vendor/laravel/framework/src/Illuminate/Foundation/Console/Kernel.php(383): Illuminate\\Foundation\\Application->bootstrapWith(Array)
#21 /var/www/webroot/ENIGA/servicesuivi/vendor/laravel/framework/src/Illuminate/Foundation/Console/Kernel.php(153): Illuminate\\Foundation\\Console\\Kernel->bootstrap()
#22 /var/www/webroot/ENIGA/servicesuivi/artisan(35): Illuminate\\Foundation\\Console\\Kernel->handle(Object(Symfony\\Component\\Console\\Input\\ArgvInput), Object(Symfony\\Component\\Console\\Output\\ConsoleOutput))
#23 {main}
"} 
[2024-10-08 13:09:54] local.ERROR: Please provide a valid cache path. {"exception":"[object] (InvalidArgumentException(code: 0): Please provide a valid cache path. at /var/www/webroot/ENIGA/servicesuivi/vendor/laravel/framework/src/Illuminate/View/Compilers/Compiler.php:66)
[stacktrace]
#0 /var/www/webroot/ENIGA/servicesuivi/vendor/laravel/framework/src/Illuminate/View/ViewServiceProvider.php(96): Illuminate\\View\\Compilers\\Compiler->__construct(Object(Illuminate\\Filesystem\\Filesystem), false, '', true, 'php')
#1 /var/www/webroot/ENIGA/servicesuivi/vendor/laravel/framework/src/Illuminate/Container/Container.php(885): Illuminate\\View\\ViewServiceProvider->Illuminate\\View\\{closure}(Object(Illuminate\\Foundation\\Application), Array)
#2 /var/www/webroot/ENIGA/servicesuivi/vendor/laravel/framework/src/Illuminate/Container/Container.php(770): Illuminate\\Container\\Container->build(Object(Closure))
#3 /var/www/webroot/ENIGA/servicesuivi/vendor/laravel/framework/src/Illuminate/Foundation/Application.php(856): Illuminate\\Container\\Container->resolve('blade.compiler', Array, true)
#4 /var/www/webroot/ENIGA/servicesuivi/vendor/laravel/framework/src/Illuminate/Container/Container.php(706): Illuminate\\Foundation\\Application->resolve('blade.compiler', Array)
#5 /var/www/webroot/ENIGA/servicesuivi/vendor/laravel/framework/src/Illuminate/Foundation/Application.php(841): Illuminate\\Container\\Container->make('blade.compiler', Array)
#6 /var/www/webroot/ENIGA/servicesuivi/vendor/laravel/framework/src/Illuminate/Container/Container.php(1431): Illuminate\\Foundation\\Application->make('blade.compiler')
#7 /var/www/webroot/ENIGA/servicesuivi/vendor/livewire/livewire/src/LivewireServiceProvider.php(276): Illuminate\\Container\\Container->offsetGet('blade.compiler')
#8 /var/www/webroot/ENIGA/servicesuivi/vendor/livewire/livewire/src/LivewireServiceProvider.php(79): Livewire\\LivewireServiceProvider->registerTagCompiler()
#9 /var/www/webroot/ENIGA/servicesuivi/vendor/laravel/framework/src/Illuminate/Container/BoundMethod.php(36): Livewire\\LivewireServiceProvider->boot()
#10 /var/www/webroot/ENIGA/servicesuivi/vendor/laravel/framework/src/Illuminate/Container/Util.php(41): Illuminate\\Container\\BoundMethod::Illuminate\\Container\\{closure}()
#11 /var/www/webroot/ENIGA/servicesuivi/vendor/laravel/framework/src/Illuminate/Container/BoundMethod.php(93): Illuminate\\Container\\Util::unwrapIfClosure(Object(Closure))
#12 /var/www/webroot/ENIGA/servicesuivi/vendor/laravel/framework/src/Illuminate/Container/BoundMethod.php(35): Illuminate\\Container\\BoundMethod::callBoundMethod(Object(Illuminate\\Foundation\\Application), Array, Object(Closure))
#13 /var/www/webroot/ENIGA/servicesuivi/vendor/laravel/framework/src/Illuminate/Container/Container.php(661): Illuminate\\Container\\BoundMethod::call(Object(Illuminate\\Foundation\\Application), Array, Array, NULL)
#14 /var/www/webroot/ENIGA/servicesuivi/vendor/laravel/framework/src/Illuminate/Foundation/Application.php(929): Illuminate\\Container\\Container->call(Array)
#15 /var/www/webroot/ENIGA/servicesuivi/vendor/laravel/framework/src/Illuminate/Foundation/Application.php(910): Illuminate\\Foundation\\Application->bootProvider(Object(Livewire\\LivewireServiceProvider))
#16 [internal function]: Illuminate\\Foundation\\Application->Illuminate\\Foundation\\{closure}(Object(Livewire\\LivewireServiceProvider), 20)
#17 /var/www/webroot/ENIGA/servicesuivi/vendor/laravel/framework/src/Illuminate/Foundation/Application.php(909): array_walk(Array, Object(Closure))
#18 /var/www/webroot/ENIGA/servicesuivi/vendor/laravel/framework/src/Illuminate/Foundation/Bootstrap/BootProviders.php(17): Illuminate\\Foundation\\Application->boot()
#19 /var/www/webroot/ENIGA/servicesuivi/vendor/laravel/framework/src/Illuminate/Foundation/Application.php(242): Illuminate\\Foundation\\Bootstrap\\BootProviders->bootstrap(Object(Illuminate\\Foundation\\Application))
#20 /var/www/webroot/ENIGA/servicesuivi/vendor/laravel/framework/src/Illuminate/Foundation/Console/Kernel.php(383): Illuminate\\Foundation\\Application->bootstrapWith(Array)
#21 /var/www/webroot/ENIGA/servicesuivi/vendor/laravel/framework/src/Illuminate/Foundation/Console/Kernel.php(153): Illuminate\\Foundation\\Console\\Kernel->bootstrap()
#22 /var/www/webroot/ENIGA/servicesuivi/artisan(35): Illuminate\\Foundation\\Console\\Kernel->handle(Object(Symfony\\Component\\Console\\Input\\ArgvInput), Object(Symfony\\Component\\Console\\Output\\ConsoleOutput))
#23 {main}
"} 
[2024-10-08 13:13:23] local.ERROR: file_put_contents(/var/www/webroot/ENIGA/servicesuivi/storage/framework/sessions/UUAWBV6uT2Xl7pluuL1IFP5qBBJTCAPQgmksJ6BI): Failed to open stream: No such file or directory {"exception":"[object] (ErrorException(code: 0): file_put_contents(/var/www/webroot/ENIGA/servicesuivi/storage/framework/sessions/UUAWBV6uT2Xl7pluuL1IFP5qBBJTCAPQgmksJ6BI): Failed to open stream: No such file or directory at /var/www/webroot/ENIGA/servicesuivi/vendor/laravel/framework/src/Illuminate/Filesystem/Filesystem.php:190)
[stacktrace]
#0 /var/www/webroot/ENIGA/servicesuivi/vendor/laravel/framework/src/Illuminate/Foundation/Bootstrap/HandleExceptions.php(270): Illuminate\\Foundation\\Bootstrap\\HandleExceptions->handleError(2, 'file_put_conten...', '/var/www/webroo...', 190)
#1 [internal function]: Illuminate\\Foundation\\Bootstrap\\HandleExceptions->Illuminate\\Foundation\\Bootstrap\\{closure}(2, 'file_put_conten...', '/var/www/webroo...', 190)
#2 /var/www/webroot/ENIGA/servicesuivi/vendor/laravel/framework/src/Illuminate/Filesystem/Filesystem.php(190): file_put_contents('/var/www/webroo...', 'a:3:{s:6:\"_toke...', 2)
#3 /var/www/webroot/ENIGA/servicesuivi/vendor/laravel/framework/src/Illuminate/Session/FileSessionHandler.php(90): Illuminate\\Filesystem\\Filesystem->put('/var/www/webroo...', 'a:3:{s:6:\"_toke...', true)
#4 /var/www/webroot/ENIGA/servicesuivi/vendor/laravel/framework/src/Illuminate/Session/Store.php(172): Illuminate\\Session\\FileSessionHandler->write('UUAWBV6uT2Xl7pl...', 'a:3:{s:6:\"_toke...')
#5 /var/www/webroot/ENIGA/servicesuivi/vendor/laravel/framework/src/Illuminate/Session/Middleware/StartSession.php(238): Illuminate\\Session\\Store->save()
#6 /var/www/webroot/ENIGA/servicesuivi/vendor/laravel/framework/src/Illuminate/Session/Middleware/StartSession.php(130): Illuminate\\Session\\Middleware\\StartSession->saveSession(Object(Illuminate\\Http\\Request))
#7 /var/www/webroot/ENIGA/servicesuivi/vendor/laravel/framework/src/Illuminate/Session/Middleware/StartSession.php(64): Illuminate\\Session\\Middleware\\StartSession->handleStatefulRequest(Object(Illuminate\\Http\\Request), Object(Illuminate\\Session\\Store), Object(Closure))
#8 /var/www/webroot/ENIGA/servicesuivi/vendor/laravel/framework/src/Illuminate/Pipeline/Pipeline.php(180): Illuminate\\Session\\Middleware\\StartSession->handle(Object(Illuminate\\Http\\Request), Object(Closure))
#9 /var/www/webroot/ENIGA/servicesuivi/vendor/laravel/framework/src/Illuminate/Cookie/Middleware/AddQueuedCookiesToResponse.php(37): Illuminate\\Pipeline\\Pipeline->Illuminate\\Pipeline\\{closure}(Object(Illuminate\\Http\\Request))
#10 /var/www/webroot/ENIGA/servicesuivi/vendor/laravel/framework/src/Illuminate/Pipeline/Pipeline.php(180): Illuminate\\Cookie\\Middleware\\AddQueuedCookiesToResponse->handle(Object(Illuminate\\Http\\Request), Object(Closure))
#11 /var/www/webroot/ENIGA/servicesuivi/vendor/laravel/framework/src/Illuminate/Cookie/Middleware/EncryptCookies.php(67): Illuminate\\Pipeline\\Pipeline->Illuminate\\Pipeline\\{closure}(Object(Illuminate\\Http\\Request))
#12 /var/www/webroot/ENIGA/servicesuivi/vendor/laravel/framework/src/Illuminate/Pipeline/Pipeline.php(180): Illuminate\\Cookie\\Middleware\\EncryptCookies->handle(Object(Illuminate\\Http\\Request), Object(Closure))
#13 /var/www/webroot/ENIGA/servicesuivi/vendor/laravel/framework/src/Illuminate/Pipeline/Pipeline.php(116): Illuminate\\Pipeline\\Pipeline->Illuminate\\Pipeline\\{closure}(Object(Illuminate\\Http\\Request))
#14 /var/www/webroot/ENIGA/servicesuivi/vendor/laravel/framework/src/Illuminate/Routing/Router.php(797): Illuminate\\Pipeline\\Pipeline->then(Object(Closure))
#15 /var/www/webroot/ENIGA/servicesuivi/vendor/laravel/framework/src/Illuminate/Routing/Router.php(776): Illuminate\\Routing\\Router->runRouteWithinStack(Object(Illuminate\\Routing\\Route), Object(Illuminate\\Http\\Request))
#16 /var/www/webroot/ENIGA/servicesuivi/vendor/laravel/framework/src/Illuminate/Routing/Router.php(740): Illuminate\\Routing\\Router->runRoute(Object(Illuminate\\Http\\Request), Object(Illuminate\\Routing\\Route))
#17 /var/www/webroot/ENIGA/servicesuivi/vendor/laravel/framework/src/Illuminate/Routing/Router.php(729): Illuminate\\Routing\\Router->dispatchToRoute(Object(Illuminate\\Http\\Request))
#18 /var/www/webroot/ENIGA/servicesuivi/vendor/laravel/framework/src/Illuminate/Foundation/Http/Kernel.php(190): Illuminate\\Routing\\Router->dispatch(Object(Illuminate\\Http\\Request))
#19 /var/www/webroot/ENIGA/servicesuivi/vendor/laravel/framework/src/Illuminate/Pipeline/Pipeline.php(141): Illuminate\\Foundation\\Http\\Kernel->Illuminate\\Foundation\\Http\\{closure}(Object(Illuminate\\Http\\Request))
#20 /var/www/webroot/ENIGA/servicesuivi/vendor/livewire/livewire/src/DisableBrowserCache.php(19): Illuminate\\Pipeline\\Pipeline->Illuminate\\Pipeline\\{closure}(Object(Illuminate\\Http\\Request))
#21 /var/www/webroot/ENIGA/servicesuivi/vendor/laravel/framework/src/Illuminate/Pipeline/Pipeline.php(180): Livewire\\DisableBrowserCache->handle(Object(Illuminate\\Http\\Request), Object(Closure))
#22 /var/www/webroot/ENIGA/servicesuivi/vendor/laravel/framework/src/Illuminate/Foundation/Http/Middleware/TransformsRequest.php(21): Illuminate\\Pipeline\\Pipeline->Illuminate\\Pipeline\\{closure}(Object(Illuminate\\Http\\Request))
#23 /var/www/webroot/ENIGA/servicesuivi/vendor/laravel/framework/src/Illuminate/Foundation/Http/Middleware/ConvertEmptyStringsToNull.php(31): Illuminate\\Foundation\\Http\\Middleware\\TransformsRequest->handle(Object(Illuminate\\Http\\Request), Object(Closure))
#24 /var/www/webroot/ENIGA/servicesuivi/vendor/laravel/framework/src/Illuminate/Pipeline/Pipeline.php(180): Illuminate\\Foundation\\Http\\Middleware\\ConvertEmptyStringsToNull->handle(Object(Illuminate\\Http\\Request), Object(Closure))
#25 /var/www/webroot/ENIGA/servicesuivi/vendor/laravel/framework/src/Illuminate/Foundation/Http/Middleware/TransformsRequest.php(21): Illuminate\\Pipeline\\Pipeline->Illuminate\\Pipeline\\{closure}(Object(Illuminate\\Http\\Request))
#26 /var/www/webroot/ENIGA/servicesuivi/vendor/laravel/framework/src/Illuminate/Foundation/Http/Middleware/TrimStrings.php(40): Illuminate\\Foundation\\Http\\Middleware\\TransformsRequest->handle(Object(Illuminate\\Http\\Request), Object(Closure))
#27 /var/www/webroot/ENIGA/servicesuivi/vendor/laravel/framework/src/Illuminate/Pipeline/Pipeline.php(180): Illuminate\\Foundation\\Http\\Middleware\\TrimStrings->handle(Object(Illuminate\\Http\\Request), Object(Closure))
#28 /var/www/webroot/ENIGA/servicesuivi/vendor/laravel/framework/src/Illuminate/Foundation/Http/Middleware/ValidatePostSize.php(27): Illuminate\\Pipeline\\Pipeline->Illuminate\\Pipeline\\{closure}(Object(Illuminate\\Http\\Request))
#29 /var/www/webroot/ENIGA/servicesuivi/vendor/laravel/framework/src/Illuminate/Pipeline/Pipeline.php(180): Illuminate\\Foundation\\Http\\Middleware\\ValidatePostSize->handle(Object(Illuminate\\Http\\Request), Object(Closure))
#30 /var/www/webroot/ENIGA/servicesuivi/vendor/laravel/framework/src/Illuminate/Foundation/Http/Middleware/PreventRequestsDuringMaintenance.php(86): Illuminate\\Pipeline\\Pipeline->Illuminate\\Pipeline\\{closure}(Object(Illuminate\\Http\\Request))
#31 /var/www/webroot/ENIGA/servicesuivi/vendor/laravel/framework/src/Illuminate/Pipeline/Pipeline.php(180): Illuminate\\Foundation\\Http\\Middleware\\PreventRequestsDuringMaintenance->handle(Object(Illuminate\\Http\\Request), Object(Closure))
#32 /var/www/webroot/ENIGA/servicesuivi/vendor/laravel/framework/src/Illuminate/Http/Middleware/HandleCors.php(49): Illuminate\\Pipeline\\Pipeline->Illuminate\\Pipeline\\{closure}(Object(Illuminate\\Http\\Request))
#33 /var/www/webroot/ENIGA/servicesuivi/vendor/laravel/framework/src/Illuminate/Pipeline/Pipeline.php(180): Illuminate\\Http\\Middleware\\HandleCors->handle(Object(Illuminate\\Http\\Request), Object(Closure))
#34 /var/www/webroot/ENIGA/servicesuivi/vendor/laravel/framework/src/Illuminate/Http/Middleware/TrustProxies.php(39): Illuminate\\Pipeline\\Pipeline->Illuminate\\Pipeline\\{closure}(Object(Illuminate\\Http\\Request))
#35 /var/www/webroot/ENIGA/servicesuivi/vendor/laravel/framework/src/Illuminate/Pipeline/Pipeline.php(180): Illuminate\\Http\\Middleware\\TrustProxies->handle(Object(Illuminate\\Http\\Request), Object(Closure))
#36 /var/www/webroot/ENIGA/servicesuivi/vendor/laravel/framework/src/Illuminate/Pipeline/Pipeline.php(116): Illuminate\\Pipeline\\Pipeline->Illuminate\\Pipeline\\{closure}(Object(Illuminate\\Http\\Request))
#37 /var/www/webroot/ENIGA/servicesuivi/vendor/laravel/framework/src/Illuminate/Foundation/Http/Kernel.php(165): Illuminate\\Pipeline\\Pipeline->then(Object(Closure))
#38 /var/www/webroot/ENIGA/servicesuivi/vendor/laravel/framework/src/Illuminate/Foundation/Http/Kernel.php(134): Illuminate\\Foundation\\Http\\Kernel->sendRequestThroughRouter(Object(Illuminate\\Http\\Request))
#39 /var/www/webroot/ENIGA/servicesuivi/public/index.php(51): Illuminate\\Foundation\\Http\\Kernel->handle(Object(Illuminate\\Http\\Request))
#40 {main}
"} 
